# JRE version: OpenJDK Runtime Environment (8.0_152-b02) (build 1.8.0_152-release-1024-b02)
# Java VM: OpenJDK 64-Bit Server VM (25.152-b02 mixed mode windows-amd64 compressed oops)
Heap:
 PSYoungGen      total 132608K, used 3966K [0x00000000f5580000, 0x0000000100000000, 0x0000000100000000)
  eden space 115200K, 3% used [0x00000000f5580000,0x00000000f595faa0,0x00000000fc600000)
  from space 17408K, 0% used [0x00000000fc600000,0x00000000fc600000,0x00000000fd700000)
  to   space 17920K, 0% used [0x00000000fee80000,0x00000000fee80000,0x0000000100000000)
 ParOldGen       total 141824K, used 32236K [0x00000000e0000000, 0x00000000e8a80000, 0x00000000f5580000)
  object space 141824K, 22% used [0x00000000e0000000,0x00000000e1f7b2f8,0x00000000e8a80000)
 Metaspace       used 57923K, capacity 59534K, committed 59736K, reserved 1101824K
  class space    used 7905K, capacity 8300K, committed 8320K, reserved 1048576K
GC Heap History (10 events):
Event: 18.121 GC heap before
{Heap before GC invocations=12 (full 2):
 PSYoungGen      total 82944K, used 71680K [0x00000000f5580000, 0x00000000fcb00000, 0x0000000100000000)
  eden space 71680K, 100% used [0x00000000f5580000,0x00000000f9b80000,0x00000000f9b80000)
  from space 11264K, 0% used [0x00000000f9b80000,0x00000000f9b80000,0x00000000fa680000)
  to   space 11264K, 0% used [0x00000000fc000000,0x00000000fc000000,0x00000000fcb00000)
 ParOldGen       total 92672K, used 14620K [0x00000000e0000000, 0x00000000e5a80000, 0x00000000f5580000)
  object space 92672K, 15% used [0x00000000e0000000,0x00000000e0e47110,0x00000000e5a80000)
 Metaspace       used 38508K, capacity 39222K, committed 39512K, reserved 1083392K
  class space    used 5252K, capacity 5499K, committed 5504K, reserved 1048576K
Event: 18.149 GC heap after
Heap after GC invocations=12 (full 2):
 PSYoungGen      total 100352K, used 6840K [0x00000000f5580000, 0x00000000fc700000, 0x0000000100000000)
  eden space 93184K, 0% used [0x00000000f5580000,0x00000000f5580000,0x00000000fb080000)
  from space 7168K, 95% used [0x00000000fc000000,0x00000000fc6ae178,0x00000000fc700000)
  to   space 10752K, 0% used [0x00000000fb200000,0x00000000fb200000,0x00000000fbc80000)
 ParOldGen       total 92672K, used 14628K [0x00000000e0000000, 0x00000000e5a80000, 0x00000000f5580000)
  object space 92672K, 15% used [0x00000000e0000000,0x00000000e0e49110,0x00000000e5a80000)
 Metaspace       used 38508K, capacity 39222K, committed 39512K, reserved 1083392K
  class space    used 5252K, capacity 5499K, committed 5504K, reserved 1048576K
}
Event: 24.669 GC heap before
{Heap before GC invocations=13 (full 2):
 PSYoungGen      total 100352K, used 100024K [0x00000000f5580000, 0x00000000fc700000, 0x0000000100000000)
  eden space 93184K, 100% used [0x00000000f5580000,0x00000000fb080000,0x00000000fb080000)
  from space 7168K, 95% used [0x00000000fc000000,0x00000000fc6ae178,0x00000000fc700000)
  to   space 10752K, 0% used [0x00000000fb200000,0x00000000fb200000,0x00000000fbc80000)
 ParOldGen       total 92672K, used 14628K [0x00000000e0000000, 0x00000000e5a80000, 0x00000000f5580000)
  object space 92672K, 15% used [0x00000000e0000000,0x00000000e0e49110,0x00000000e5a80000)
 Metaspace       used 48054K, capacity 49190K, committed 49368K, reserved 1091584K
  class space    used 6542K, capacity 6860K, committed 6912K, reserved 1048576K
Event: 24.718 GC heap after
Heap after GC invocations=13 (full 2):
 PSYoungGen      total 105472K, used 10731K [0x00000000f5580000, 0x00000000fe480000, 0x0000000100000000)
  eden space 94720K, 0% used [0x00000000f5580000,0x00000000f5580000,0x00000000fb200000)
  from space 10752K, 99% used [0x00000000fb200000,0x00000000fbc7aca0,0x00000000fbc80000)
  to   space 13824K, 0% used [0x00000000fd700000,0x00000000fd700000,0x00000000fe480000)
 ParOldGen       total 92672K, used 19279K [0x00000000e0000000, 0x00000000e5a80000, 0x00000000f5580000)
  object space 92672K, 20% used [0x00000000e0000000,0x00000000e12d3eb0,0x00000000e5a80000)
 Metaspace       used 48054K, capacity 49190K, committed 49368K, reserved 1091584K
  class space    used 6542K, capacity 6860K, committed 6912K, reserved 1048576K
}
Event: 30.376 GC heap before
{Heap before GC invocations=14 (full 2):
 PSYoungGen      total 105472K, used 105451K [0x00000000f5580000, 0x00000000fe480000, 0x0000000100000000)
  eden space 94720K, 100% used [0x00000000f5580000,0x00000000fb200000,0x00000000fb200000)
  from space 10752K, 99% used [0x00000000fb200000,0x00000000fbc7aca0,0x00000000fbc80000)
  to   space 13824K, 0% used [0x00000000fd700000,0x00000000fd700000,0x00000000fe480000)
 ParOldGen       total 92672K, used 19279K [0x00000000e0000000, 0x00000000e5a80000, 0x00000000f5580000)
  object space 92672K, 20% used [0x00000000e0000000,0x00000000e12d3eb0,0x00000000e5a80000)
 Metaspace       used 53729K, capacity 55330K, committed 55640K, reserved 1097728K
  class space    used 7367K, capacity 7774K, committed 7808K, reserved 1048576K
Event: 30.449 GC heap after
Heap after GC invocations=14 (full 2):
 PSYoungGen      total 129024K, used 13822K [0x00000000f5580000, 0x00000000fec80000, 0x0000000100000000)
  eden space 115200K, 0% used [0x00000000f5580000,0x00000000f5580000,0x00000000fc600000)
  from space 13824K, 99% used [0x00000000fd700000,0x00000000fe47f9e0,0x00000000fe480000)
  to   space 17408K, 0% used [0x00000000fc600000,0x00000000fc600000,0x00000000fd700000)
 ParOldGen       total 92672K, used 24800K [0x00000000e0000000, 0x00000000e5a80000, 0x00000000f5580000)
  object space 92672K, 26% used [0x00000000e0000000,0x00000000e1838248,0x00000000e5a80000)
 Metaspace       used 53729K, capacity 55330K, committed 55640K, reserved 1097728K
  class space    used 7367K, capacity 7774K, committed 7808K, reserved 1048576K
}
Event: 35.549 GC heap before
{Heap before GC invocations=15 (full 2):
 PSYoungGen      total 129024K, used 64233K [0x00000000f5580000, 0x00000000fec80000, 0x0000000100000000)
  eden space 115200K, 43% used [0x00000000f5580000,0x00000000f86bad08,0x00000000fc600000)
  from space 13824K, 99% used [0x00000000fd700000,0x00000000fe47f9e0,0x00000000fe480000)
  to   space 17408K, 0% used [0x00000000fc600000,0x00000000fc600000,0x00000000fd700000)
 ParOldGen       total 92672K, used 24800K [0x00000000e0000000, 0x00000000e5a80000, 0x00000000f5580000)
  object space 92672K, 26% used [0x00000000e0000000,0x00000000e1838248,0x00000000e5a80000)
 Metaspace       used 57235K, capacity 58830K, committed 58968K, reserved 1099776K
  class space    used 7846K, capacity 8236K, committed 8320K, reserved 1048576K
Event: 35.596 GC heap after
Heap after GC invocations=15 (full 2):
 PSYoungGen      total 132608K, used 12945K [0x00000000f5580000, 0x0000000100000000, 0x0000000100000000)
  eden space 115200K, 0% used [0x00000000f5580000,0x00000000f5580000,0x00000000fc600000)
  from space 17408K, 74% used [0x00000000fc600000,0x00000000fd2a4740,0x00000000fd700000)
  to   space 17920K, 0% used [0x00000000fee80000,0x00000000fee80000,0x0000000100000000)
 ParOldGen       total 92672K, used 28988K [0x00000000e0000000, 0x00000000e5a80000, 0x00000000f5580000)
  object space 92672K, 31% used [0x00000000e0000000,0x00000000e1c4f120,0x00000000e5a80000)
 Metaspace       used 57235K, capacity 58830K, committed 58968K, reserved 1099776K
  class space    used 7846K, capacity 8236K, committed 8320K, reserved 1048576K
}
Event: 35.596 GC heap before
{Heap before GC invocations=16 (full 3):
 PSYoungGen      total 132608K, used 12945K [0x00000000f5580000, 0x0000000100000000, 0x0000000100000000)
  eden space 115200K, 0% used [0x00000000f5580000,0x00000000f5580000,0x00000000fc600000)
  from space 17408K, 74% used [0x00000000fc600000,0x00000000fd2a4740,0x00000000fd700000)
  to   space 17920K, 0% used [0x00000000fee80000,0x00000000fee80000,0x0000000100000000)
 ParOldGen       total 92672K, used 28988K [0x00000000e0000000, 0x00000000e5a80000, 0x00000000f5580000)
  object space 92672K, 31% used [0x00000000e0000000,0x00000000e1c4f120,0x00000000e5a80000)
 Metaspace       used 57235K, capacity 58830K, committed 58968K, reserved 1099776K
  class space    used 7846K, capacity 8236K, committed 8320K, reserved 1048576K
Event: 36.279 GC heap after
Heap after GC invocations=16 (full 3):
 PSYoungGen      total 132608K, used 0K [0x00000000f5580000, 0x0000000100000000, 0x0000000100000000)
  eden space 115200K, 0% used [0x00000000f5580000,0x00000000f5580000,0x00000000fc600000)
  from space 17408K, 0% used [0x00000000fc600000,0x00000000fc600000,0x00000000fd700000)
  to   space 17920K, 0% used [0x00000000fee80000,0x00000000fee80000,0x0000000100000000)
 ParOldGen       total 141824K, used 32236K [0x00000000e0000000, 0x00000000e8a80000, 0x00000000f5580000)
  object space 141824K, 22% used [0x00000000e0000000,0x00000000e1f7b2f8,0x00000000e8a80000)
 Metaspace       used 57235K, capacity 58830K, committed 58968K, reserved 1099776K
  class space    used 7846K, capacity 8236K, committed 8320K, reserved 1048576K
}

