# JRE version: OpenJDK Runtime Environment (8.0_152-b02) (build 1.8.0_152-release-1024-b02)
# Java VM: OpenJDK 64-Bit Server VM (25.152-b02 mixed mode windows-amd64 compressed oops)
Heap:
 PSYoungGen      total 154112K, used 29664K [0x00000000f5580000, 0x0000000100000000, 0x0000000100000000)
  eden space 133632K, 20% used [0x00000000f5580000,0x00000000f7005af0,0x00000000fd800000)
  from space 20480K, 12% used [0x00000000fd800000,0x00000000fda726b8,0x00000000fec00000)
  to   space 20480K, 0% used [0x00000000fec00000,0x00000000fec00000,0x0000000100000000)
 ParOldGen       total 153088K, used 37410K [0x00000000e0000000, 0x00000000e9580000, 0x00000000f5580000)
  object space 153088K, 24% used [0x00000000e0000000,0x00000000e24888e0,0x00000000e9580000)
 Metaspace       used 65197K, capacity 67634K, committed 67800K, reserved 1107968K
  class space    used 8676K, capacity 9172K, committed 9216K, reserved 1048576K
GC Heap History (10 events):
Event: 51.731 GC heap before
{Heap before GC invocations=20 (full 3):
 PSYoungGen      total 150016K, used 134869K [0x00000000f5580000, 0x00000000ffe80000, 0x0000000100000000)
  eden space 129024K, 100% used [0x00000000f5580000,0x00000000fd380000,0x00000000fd380000)
  from space 20992K, 27% used [0x00000000fea00000,0x00000000fefb5610,0x00000000ffe80000)
  to   space 22016K, 0% used [0x00000000fd380000,0x00000000fd380000,0x00000000fe900000)
 ParOldGen       total 153088K, used 35346K [0x00000000e0000000, 0x00000000e9580000, 0x00000000f5580000)
  object space 153088K, 23% used [0x00000000e0000000,0x00000000e2284820,0x00000000e9580000)
 Metaspace       used 64926K, capacity 67332K, committed 67544K, reserved 1107968K
  class space    used 8666K, capacity 9171K, committed 9216K, reserved 1048576K
Event: 51.786 GC heap after
Heap after GC invocations=20 (full 3):
 PSYoungGen      total 151040K, used 10290K [0x00000000f5580000, 0x00000000fff00000, 0x0000000100000000)
  eden space 129024K, 0% used [0x00000000f5580000,0x00000000f5580000,0x00000000fd380000)
  from space 22016K, 46% used [0x00000000fd380000,0x00000000fdd8c8e0,0x00000000fe900000)
  to   space 20992K, 0% used [0x00000000fea80000,0x00000000fea80000,0x00000000fff00000)
 ParOldGen       total 153088K, used 35354K [0x00000000e0000000, 0x00000000e9580000, 0x00000000f5580000)
  object space 153088K, 23% used [0x00000000e0000000,0x00000000e2286820,0x00000000e9580000)
 Metaspace       used 64926K, capacity 67332K, committed 67544K, reserved 1107968K
  class space    used 8666K, capacity 9171K, committed 9216K, reserved 1048576K
}
Event: 52.914 GC heap before
{Heap before GC invocations=21 (full 3):
 PSYoungGen      total 151040K, used 139314K [0x00000000f5580000, 0x00000000fff00000, 0x0000000100000000)
  eden space 129024K, 100% used [0x00000000f5580000,0x00000000fd380000,0x00000000fd380000)
  from space 22016K, 46% used [0x00000000fd380000,0x00000000fdd8c8e0,0x00000000fe900000)
  to   space 20992K, 0% used [0x00000000fea80000,0x00000000fea80000,0x00000000fff00000)
 ParOldGen       total 153088K, used 35354K [0x00000000e0000000, 0x00000000e9580000, 0x00000000f5580000)
  object space 153088K, 23% used [0x00000000e0000000,0x00000000e2286820,0x00000000e9580000)
 Metaspace       used 64983K, capacity 67400K, committed 67544K, reserved 1107968K
  class space    used 8666K, capacity 9171K, committed 9216K, reserved 1048576K
Event: 52.949 GC heap after
Heap after GC invocations=21 (full 3):
 PSYoungGen      total 151552K, used 11826K [0x00000000f5580000, 0x00000000ffe00000, 0x0000000100000000)
  eden space 131584K, 0% used [0x00000000f5580000,0x00000000f5580000,0x00000000fd600000)
  from space 19968K, 59% used [0x00000000fea80000,0x00000000ff60c8e0,0x00000000ffe00000)
  to   space 20480K, 0% used [0x00000000fd600000,0x00000000fd600000,0x00000000fea00000)
 ParOldGen       total 153088K, used 35362K [0x00000000e0000000, 0x00000000e9580000, 0x00000000f5580000)
  object space 153088K, 23% used [0x00000000e0000000,0x00000000e2288820,0x00000000e9580000)
 Metaspace       used 64983K, capacity 67400K, committed 67544K, reserved 1107968K
  class space    used 8666K, capacity 9171K, committed 9216K, reserved 1048576K
}
Event: 53.892 GC heap before
{Heap before GC invocations=22 (full 3):
 PSYoungGen      total 151552K, used 143410K [0x00000000f5580000, 0x00000000ffe00000, 0x0000000100000000)
  eden space 131584K, 100% used [0x00000000f5580000,0x00000000fd600000,0x00000000fd600000)
  from space 19968K, 59% used [0x00000000fea80000,0x00000000ff60c8e0,0x00000000ffe00000)
  to   space 20480K, 0% used [0x00000000fd600000,0x00000000fd600000,0x00000000fea00000)
 ParOldGen       total 153088K, used 35362K [0x00000000e0000000, 0x00000000e9580000, 0x00000000f5580000)
  object space 153088K, 23% used [0x00000000e0000000,0x00000000e2288820,0x00000000e9580000)
 Metaspace       used 65035K, capacity 67472K, committed 67544K, reserved 1107968K
  class space    used 8670K, capacity 9171K, committed 9216K, reserved 1048576K
Event: 53.933 GC heap after
Heap after GC invocations=22 (full 3):
 PSYoungGen      total 152064K, used 11806K [0x00000000f5580000, 0x00000000fff80000, 0x0000000100000000)
  eden space 131584K, 0% used [0x00000000f5580000,0x00000000f5580000,0x00000000fd600000)
  from space 20480K, 57% used [0x00000000fd600000,0x00000000fe187a10,0x00000000fea00000)
  to   space 19968K, 0% used [0x00000000fec00000,0x00000000fec00000,0x00000000fff80000)
 ParOldGen       total 153088K, used 35370K [0x00000000e0000000, 0x00000000e9580000, 0x00000000f5580000)
  object space 153088K, 23% used [0x00000000e0000000,0x00000000e228a820,0x00000000e9580000)
 Metaspace       used 65035K, capacity 67472K, committed 67544K, reserved 1107968K
  class space    used 8670K, capacity 9171K, committed 9216K, reserved 1048576K
}
Event: 54.903 GC heap before
{Heap before GC invocations=23 (full 3):
 PSYoungGen      total 152064K, used 143390K [0x00000000f5580000, 0x00000000fff80000, 0x0000000100000000)
  eden space 131584K, 100% used [0x00000000f5580000,0x00000000fd600000,0x00000000fd600000)
  from space 20480K, 57% used [0x00000000fd600000,0x00000000fe187a10,0x00000000fea00000)
  to   space 19968K, 0% used [0x00000000fec00000,0x00000000fec00000,0x00000000fff80000)
 ParOldGen       total 153088K, used 35370K [0x00000000e0000000, 0x00000000e9580000, 0x00000000f5580000)
  object space 153088K, 23% used [0x00000000e0000000,0x00000000e228a820,0x00000000e9580000)
 Metaspace       used 65157K, capacity 67552K, committed 67800K, reserved 1107968K
  class space    used 8676K, capacity 9171K, committed 9216K, reserved 1048576K
Event: 54.911 GC heap after
Heap after GC invocations=23 (full 3):
 PSYoungGen      total 153600K, used 2536K [0x00000000f5580000, 0x0000000100000000, 0x0000000100000000)
  eden space 133632K, 0% used [0x00000000f5580000,0x00000000f5580000,0x00000000fd800000)
  from space 19968K, 12% used [0x00000000fec00000,0x00000000fee7a120,0x00000000fff80000)
  to   space 20480K, 0% used [0x00000000fd800000,0x00000000fd800000,0x00000000fec00000)
 ParOldGen       total 153088K, used 37378K [0x00000000e0000000, 0x00000000e9580000, 0x00000000f5580000)
  object space 153088K, 24% used [0x00000000e0000000,0x00000000e24808e0,0x00000000e9580000)
 Metaspace       used 65157K, capacity 67552K, committed 67800K, reserved 1107968K
  class space    used 8676K, capacity 9171K, committed 9216K, reserved 1048576K
}
Event: 55.978 GC heap before
{Heap before GC invocations=24 (full 3):
 PSYoungGen      total 153600K, used 136168K [0x00000000f5580000, 0x0000000100000000, 0x0000000100000000)
  eden space 133632K, 100% used [0x00000000f5580000,0x00000000fd800000,0x00000000fd800000)
  from space 19968K, 12% used [0x00000000fec00000,0x00000000fee7a120,0x00000000fff80000)
  to   space 20480K, 0% used [0x00000000fd800000,0x00000000fd800000,0x00000000fec00000)
 ParOldGen       total 153088K, used 37378K [0x00000000e0000000, 0x00000000e9580000, 0x00000000f5580000)
  object space 153088K, 24% used [0x00000000e0000000,0x00000000e24808e0,0x00000000e9580000)
 Metaspace       used 65185K, capacity 67570K, committed 67800K, reserved 1107968K
  class space    used 8676K, capacity 9172K, committed 9216K, reserved 1048576K
Event: 56.026 GC heap after
Heap after GC invocations=24 (full 3):
 PSYoungGen      total 154112K, used 2505K [0x00000000f5580000, 0x0000000100000000, 0x0000000100000000)
  eden space 133632K, 0% used [0x00000000f5580000,0x00000000f5580000,0x00000000fd800000)
  from space 20480K, 12% used [0x00000000fd800000,0x00000000fda726b8,0x00000000fec00000)
  to   space 20480K, 0% used [0x00000000fec00000,0x00000000fec00000,0x0000000100000000)
 ParOldGen       total 153088K, used 37410K [0x00000000e0000000, 0x00000000e9580000, 0x00000000f5580000)
  object space 153088K, 24% used [0x00000000e0000000,0x00000000e24888e0,0x00000000e9580000)
 Metaspace       used 65185K, capacity 67570K, committed 67800K, reserved 1107968K
  class space    used 8676K, capacity 9172K, committed 9216K, reserved 1048576K
}

