# JRE version: OpenJDK Runtime Environment (8.0_152-b02) (build 1.8.0_152-release-1024-b02)
# Java VM: OpenJDK 64-Bit Server VM (25.152-b02 mixed mode windows-amd64 compressed oops)
Heap:
 PSYoungGen      total 153600K, used 105988K [0x00000000f5580000, 0x0000000100000000, 0x0000000100000000)
  eden space 132608K, 75% used [0x00000000f5580000,0x00000000fb79c698,0x00000000fd700000)
  from space 20992K, 26% used [0x00000000fd700000,0x00000000fdc64af0,0x00000000feb80000)
  to   space 20480K, 0% used [0x00000000fec00000,0x00000000fec00000,0x0000000100000000)
 ParOldGen       total 95744K, used 42611K [0x00000000e0000000, 0x00000000e5d80000, 0x00000000f5580000)
  object space 95744K, 44% used [0x00000000e0000000,0x00000000e299cd58,0x00000000e5d80000)
 Metaspace       used 64657K, capacity 66830K, committed 67032K, reserved 1107968K
  class space    used 8571K, capacity 9094K, committed 9216K, reserved 1048576K
GC Heap History (10 events):
Event: 56.938 GC heap before
{Heap before GC invocations=14 (full 2):
 PSYoungGen      total 160256K, used 158442K [0x00000000f5580000, 0x0000000100000000, 0x0000000100000000)
  eden space 146432K, 100% used [0x00000000f5580000,0x00000000fe480000,0x00000000fe480000)
  from space 13824K, 86% used [0x00000000fe480000,0x00000000ff03a808,0x00000000ff200000)
  to   space 14336K, 0% used [0x00000000ff200000,0x00000000ff200000,0x0000000100000000)
 ParOldGen       total 73216K, used 15417K [0x00000000e0000000, 0x00000000e4780000, 0x00000000f5580000)
  object space 73216K, 21% used [0x00000000e0000000,0x00000000e0f0e608,0x00000000e4780000)
 Metaspace       used 57307K, capacity 58832K, committed 59028K, reserved 1099776K
  class space    used 7518K, capacity 7925K, committed 7936K, reserved 1048576K
Event: 56.966 GC heap after
Heap after GC invocations=14 (full 2):
 PSYoungGen      total 150016K, used 14330K [0x00000000f5580000, 0x0000000100000000, 0x0000000100000000)
  eden space 135680K, 0% used [0x00000000f5580000,0x00000000f5580000,0x00000000fda00000)
  from space 14336K, 99% used [0x00000000ff200000,0x00000000ffffe828,0x0000000100000000)
  to   space 19456K, 0% used [0x00000000fda00000,0x00000000fda00000,0x00000000fed00000)
 ParOldGen       total 73216K, used 23771K [0x00000000e0000000, 0x00000000e4780000, 0x00000000f5580000)
  object space 73216K, 32% used [0x00000000e0000000,0x00000000e1736e18,0x00000000e4780000)
 Metaspace       used 57307K, capacity 58832K, committed 59028K, reserved 1099776K
  class space    used 7518K, capacity 7925K, committed 7936K, reserved 1048576K
}
Event: 56.969 GC heap before
{Heap before GC invocations=15 (full 2):
 PSYoungGen      total 150016K, used 16334K [0x00000000f5580000, 0x0000000100000000, 0x0000000100000000)
  eden space 135680K, 1% used [0x00000000f5580000,0x00000000f57750e0,0x00000000fda00000)
  from space 14336K, 99% used [0x00000000ff200000,0x00000000ffffe828,0x0000000100000000)
  to   space 19456K, 0% used [0x00000000fda00000,0x00000000fda00000,0x00000000fed00000)
 ParOldGen       total 73216K, used 23771K [0x00000000e0000000, 0x00000000e4780000, 0x00000000f5580000)
  object space 73216K, 32% used [0x00000000e0000000,0x00000000e1736e18,0x00000000e4780000)
 Metaspace       used 57313K, capacity 58832K, committed 59028K, reserved 1099776K
  class space    used 7518K, capacity 7925K, committed 7936K, reserved 1048576K
Event: 56.986 GC heap after
Heap after GC invocations=15 (full 2):
 PSYoungGen      total 136192K, used 96K [0x00000000f5580000, 0x0000000100000000, 0x0000000100000000)
  eden space 135680K, 0% used [0x00000000f5580000,0x00000000f5580000,0x00000000fda00000)
  from space 512K, 18% used [0x00000000fda00000,0x00000000fda18000,0x00000000fda80000)
  to   space 19968K, 0% used [0x00000000fec80000,0x00000000fec80000,0x0000000100000000)
 ParOldGen       total 73216K, used 35271K [0x00000000e0000000, 0x00000000e4780000, 0x00000000f5580000)
  object space 73216K, 48% used [0x00000000e0000000,0x00000000e2271ff8,0x00000000e4780000)
 Metaspace       used 57313K, capacity 58832K, committed 59028K, reserved 1099776K
  class space    used 7518K, capacity 7925K, committed 7936K, reserved 1048576K
}
Event: 56.986 GC heap before
{Heap before GC invocations=16 (full 3):
 PSYoungGen      total 136192K, used 96K [0x00000000f5580000, 0x0000000100000000, 0x0000000100000000)
  eden space 135680K, 0% used [0x00000000f5580000,0x00000000f5580000,0x00000000fda00000)
  from space 512K, 18% used [0x00000000fda00000,0x00000000fda18000,0x00000000fda80000)
  to   space 19968K, 0% used [0x00000000fec80000,0x00000000fec80000,0x0000000100000000)
 ParOldGen       total 73216K, used 35271K [0x00000000e0000000, 0x00000000e4780000, 0x00000000f5580000)
  object space 73216K, 48% used [0x00000000e0000000,0x00000000e2271ff8,0x00000000e4780000)
 Metaspace       used 57313K, capacity 58832K, committed 59028K, reserved 1099776K
  class space    used 7518K, capacity 7925K, committed 7936K, reserved 1048576K
Event: 57.357 GC heap after
Heap after GC invocations=16 (full 3):
 PSYoungGen      total 136192K, used 0K [0x00000000f5580000, 0x0000000100000000, 0x0000000100000000)
  eden space 135680K, 0% used [0x00000000f5580000,0x00000000f5580000,0x00000000fda00000)
  from space 512K, 0% used [0x00000000fda00000,0x00000000fda00000,0x00000000fda80000)
  to   space 19968K, 0% used [0x00000000fec80000,0x00000000fec80000,0x0000000100000000)
 ParOldGen       total 95744K, used 30547K [0x00000000e0000000, 0x00000000e5d80000, 0x00000000f5580000)
  object space 95744K, 31% used [0x00000000e0000000,0x00000000e1dd4d08,0x00000000e5d80000)
 Metaspace       used 57263K, capacity 58688K, committed 59028K, reserved 1099776K
  class space    used 7503K, capacity 7878K, committed 7936K, reserved 1048576K
}
Event: 59.369 GC heap before
{Heap before GC invocations=17 (full 3):
 PSYoungGen      total 136192K, used 135680K [0x00000000f5580000, 0x0000000100000000, 0x0000000100000000)
  eden space 135680K, 100% used [0x00000000f5580000,0x00000000fda00000,0x00000000fda00000)
  from space 512K, 0% used [0x00000000fda00000,0x00000000fda00000,0x00000000fda80000)
  to   space 19968K, 0% used [0x00000000fec80000,0x00000000fec80000,0x0000000100000000)
 ParOldGen       total 95744K, used 30547K [0x00000000e0000000, 0x00000000e5d80000, 0x00000000f5580000)
  object space 95744K, 31% used [0x00000000e0000000,0x00000000e1dd4d08,0x00000000e5d80000)
 Metaspace       used 62015K, capacity 63898K, committed 64088K, reserved 1103872K
  class space    used 8257K, capacity 8721K, committed 8832K, reserved 1048576K
Event: 59.462 GC heap after
Heap after GC invocations=17 (full 3):
 PSYoungGen      total 152576K, used 14782K [0x00000000f5580000, 0x0000000100000000, 0x0000000100000000)
  eden space 132608K, 0% used [0x00000000f5580000,0x00000000f5580000,0x00000000fd700000)
  from space 19968K, 74% used [0x00000000fec80000,0x00000000ffaef9f8,0x0000000100000000)
  to   space 20992K, 0% used [0x00000000fd700000,0x00000000fd700000,0x00000000feb80000)
 ParOldGen       total 95744K, used 30555K [0x00000000e0000000, 0x00000000e5d80000, 0x00000000f5580000)
  object space 95744K, 31% used [0x00000000e0000000,0x00000000e1dd6d08,0x00000000e5d80000)
 Metaspace       used 62015K, capacity 63898K, committed 64088K, reserved 1103872K
  class space    used 8257K, capacity 8721K, committed 8832K, reserved 1048576K
}
Event: 76.080 GC heap before
{Heap before GC invocations=18 (full 3):
 PSYoungGen      total 152576K, used 147390K [0x00000000f5580000, 0x0000000100000000, 0x0000000100000000)
  eden space 132608K, 100% used [0x00000000f5580000,0x00000000fd700000,0x00000000fd700000)
  from space 19968K, 74% used [0x00000000fec80000,0x00000000ffaef9f8,0x0000000100000000)
  to   space 20992K, 0% used [0x00000000fd700000,0x00000000fd700000,0x00000000feb80000)
 ParOldGen       total 95744K, used 30555K [0x00000000e0000000, 0x00000000e5d80000, 0x00000000f5580000)
  object space 95744K, 31% used [0x00000000e0000000,0x00000000e1dd6d08,0x00000000e5d80000)
 Metaspace       used 62682K, capacity 64588K, committed 64728K, reserved 1105920K
  class space    used 8354K, capacity 8834K, committed 8960K, reserved 1048576K
Event: 76.114 GC heap after
Heap after GC invocations=18 (full 3):
 PSYoungGen      total 153600K, used 5522K [0x00000000f5580000, 0x0000000100000000, 0x0000000100000000)
  eden space 132608K, 0% used [0x00000000f5580000,0x00000000f5580000,0x00000000fd700000)
  from space 20992K, 26% used [0x00000000fd700000,0x00000000fdc64af0,0x00000000feb80000)
  to   space 20480K, 0% used [0x00000000fec00000,0x00000000fec00000,0x0000000100000000)
 ParOldGen       total 95744K, used 42611K [0x00000000e0000000, 0x00000000e5d80000, 0x00000000f5580000)
  object space 95744K, 44% used [0x00000000e0000000,0x00000000e299cd58,0x00000000e5d80000)
 Metaspace       used 62682K, capacity 64588K, committed 64728K, reserved 1105920K
  class space    used 8354K, capacity 8834K, committed 8960K, reserved 1048576K
}

