# JRE version: OpenJDK Runtime Environment (8.0_152-b02) (build 1.8.0_152-release-1024-b02)
# Java VM: OpenJDK 64-Bit Server VM (25.152-b02 mixed mode windows-amd64 compressed oops)
Heap:
 PSYoungGen      total 70656K, used 28854K [0x00000000f5580000, 0x00000000fb580000, 0x0000000100000000)
  eden space 60416K, 37% used [0x00000000f5580000,0x00000000f6b77ac0,0x00000000f9080000)
  from space 10240K, 62% used [0x00000000f9080000,0x00000000f96b5fe0,0x00000000f9a80000)
  to   space 9728K, 0% used [0x00000000fac00000,0x00000000fac00000,0x00000000fb580000)
 ParOldGen       total 59904K, used 7904K [0x00000000e0000000, 0x00000000e3a80000, 0x00000000f5580000)
  object space 59904K, 13% used [0x00000000e0000000,0x00000000e07b8360,0x00000000e3a80000)
 Metaspace       used 28884K, capacity 29392K, committed 29568K, reserved 1075200K
  class space    used 4039K, capacity 4181K, committed 4224K, reserved 1048576K
GC Heap History (10 events):
Event: 7.865 GC heap before
{Heap before GC invocations=4 (full 0):
 PSYoungGen      total 38400K, used 38368K [0x00000000f5580000, 0x00000000f8000000, 0x0000000100000000)
  eden space 33280K, 100% used [0x00000000f5580000,0x00000000f7600000,0x00000000f7600000)
  from space 5120K, 99% used [0x00000000f7600000,0x00000000f7af8208,0x00000000f7b00000)
  to   space 5120K, 0% used [0x00000000f7b00000,0x00000000f7b00000,0x00000000f8000000)
 ParOldGen       total 87552K, used 2570K [0x00000000e0000000, 0x00000000e5580000, 0x00000000f5580000)
  object space 87552K, 2% used [0x00000000e0000000,0x00000000e0282930,0x00000000e5580000)
 Metaspace       used 17795K, capacity 18192K, committed 18432K, reserved 1064960K
  class space    used 2565K, capacity 2718K, committed 2816K, reserved 1048576K
Event: 7.878 GC heap after
Heap after GC invocations=4 (full 0):
 PSYoungGen      total 38400K, used 5104K [0x00000000f5580000, 0x00000000f8000000, 0x0000000100000000)
  eden space 33280K, 0% used [0x00000000f5580000,0x00000000f5580000,0x00000000f7600000)
  from space 5120K, 99% used [0x00000000f7b00000,0x00000000f7ffc030,0x00000000f8000000)
  to   space 5120K, 0% used [0x00000000f7600000,0x00000000f7600000,0x00000000f7b00000)
 ParOldGen       total 87552K, used 5847K [0x00000000e0000000, 0x00000000e5580000, 0x00000000f5580000)
  object space 87552K, 6% used [0x00000000e0000000,0x00000000e05b5e40,0x00000000e5580000)
 Metaspace       used 17795K, capacity 18192K, committed 18432K, reserved 1064960K
  class space    used 2565K, capacity 2718K, committed 2816K, reserved 1048576K
}
Event: 8.390 GC heap before
{Heap before GC invocations=5 (full 0):
 PSYoungGen      total 38400K, used 17531K [0x00000000f5580000, 0x00000000f8000000, 0x0000000100000000)
  eden space 33280K, 37% used [0x00000000f5580000,0x00000000f61a2f68,0x00000000f7600000)
  from space 5120K, 99% used [0x00000000f7b00000,0x00000000f7ffc030,0x00000000f8000000)
  to   space 5120K, 0% used [0x00000000f7600000,0x00000000f7600000,0x00000000f7b00000)
 ParOldGen       total 87552K, used 5847K [0x00000000e0000000, 0x00000000e5580000, 0x00000000f5580000)
  object space 87552K, 6% used [0x00000000e0000000,0x00000000e05b5e40,0x00000000e5580000)
 Metaspace       used 20813K, capacity 21200K, committed 21248K, reserved 1067008K
  class space    used 2905K, capacity 3038K, committed 3072K, reserved 1048576K
Event: 8.405 GC heap after
Heap after GC invocations=5 (full 0):
 PSYoungGen      total 38400K, used 5108K [0x00000000f5580000, 0x00000000faa80000, 0x0000000100000000)
  eden space 33280K, 0% used [0x00000000f5580000,0x00000000f5580000,0x00000000f7600000)
  from space 5120K, 99% used [0x00000000f7600000,0x00000000f7afd080,0x00000000f7b00000)
  to   space 10240K, 0% used [0x00000000fa080000,0x00000000fa080000,0x00000000faa80000)
 ParOldGen       total 87552K, used 8296K [0x00000000e0000000, 0x00000000e5580000, 0x00000000f5580000)
  object space 87552K, 9% used [0x00000000e0000000,0x00000000e081a1a0,0x00000000e5580000)
 Metaspace       used 20813K, capacity 21200K, committed 21248K, reserved 1067008K
  class space    used 2905K, capacity 3038K, committed 3072K, reserved 1048576K
}
Event: 8.405 GC heap before
{Heap before GC invocations=6 (full 1):
 PSYoungGen      total 38400K, used 5108K [0x00000000f5580000, 0x00000000faa80000, 0x0000000100000000)
  eden space 33280K, 0% used [0x00000000f5580000,0x00000000f5580000,0x00000000f7600000)
  from space 5120K, 99% used [0x00000000f7600000,0x00000000f7afd080,0x00000000f7b00000)
  to   space 10240K, 0% used [0x00000000fa080000,0x00000000fa080000,0x00000000faa80000)
 ParOldGen       total 87552K, used 8296K [0x00000000e0000000, 0x00000000e5580000, 0x00000000f5580000)
  object space 87552K, 9% used [0x00000000e0000000,0x00000000e081a1a0,0x00000000e5580000)
 Metaspace       used 20813K, capacity 21200K, committed 21248K, reserved 1067008K
  class space    used 2905K, capacity 3038K, committed 3072K, reserved 1048576K
Event: 8.478 GC heap after
Heap after GC invocations=6 (full 1):
 PSYoungGen      total 38400K, used 0K [0x00000000f5580000, 0x00000000faa80000, 0x0000000100000000)
  eden space 33280K, 0% used [0x00000000f5580000,0x00000000f5580000,0x00000000f7600000)
  from space 5120K, 0% used [0x00000000f7600000,0x00000000f7600000,0x00000000f7b00000)
  to   space 10240K, 0% used [0x00000000fa080000,0x00000000fa080000,0x00000000faa80000)
 ParOldGen       total 59904K, used 7888K [0x00000000e0000000, 0x00000000e3a80000, 0x00000000f5580000)
  object space 59904K, 13% used [0x00000000e0000000,0x00000000e07b4360,0x00000000e3a80000)
 Metaspace       used 20813K, capacity 21200K, committed 21248K, reserved 1067008K
  class space    used 2905K, capacity 3038K, committed 3072K, reserved 1048576K
}
Event: 10.106 GC heap before
{Heap before GC invocations=7 (full 1):
 PSYoungGen      total 38400K, used 33280K [0x00000000f5580000, 0x00000000faa80000, 0x0000000100000000)
  eden space 33280K, 100% used [0x00000000f5580000,0x00000000f7600000,0x00000000f7600000)
  from space 5120K, 0% used [0x00000000f7600000,0x00000000f7600000,0x00000000f7b00000)
  to   space 10240K, 0% used [0x00000000fa080000,0x00000000fa080000,0x00000000faa80000)
 ParOldGen       total 59904K, used 7888K [0x00000000e0000000, 0x00000000e3a80000, 0x00000000f5580000)
  object space 59904K, 13% used [0x00000000e0000000,0x00000000e07b4360,0x00000000e3a80000)
 Metaspace       used 24184K, capacity 24640K, committed 24832K, reserved 1071104K
  class space    used 3337K, capacity 3495K, committed 3584K, reserved 1048576K
Event: 10.112 GC heap after
Heap after GC invocations=7 (full 1):
 PSYoungGen      total 55296K, used 4074K [0x00000000f5580000, 0x00000000fa480000, 0x0000000100000000)
  eden space 51200K, 0% used [0x00000000f5580000,0x00000000f5580000,0x00000000f8780000)
  from space 4096K, 99% used [0x00000000fa080000,0x00000000fa47aa08,0x00000000fa480000)
  to   space 10240K, 0% used [0x00000000f9080000,0x00000000f9080000,0x00000000f9a80000)
 ParOldGen       total 59904K, used 7896K [0x00000000e0000000, 0x00000000e3a80000, 0x00000000f5580000)
  object space 59904K, 13% used [0x00000000e0000000,0x00000000e07b6360,0x00000000e3a80000)
 Metaspace       used 24184K, capacity 24640K, committed 24832K, reserved 1071104K
  class space    used 3337K, capacity 3495K, committed 3584K, reserved 1048576K
}
Event: 11.723 GC heap before
{Heap before GC invocations=8 (full 1):
 PSYoungGen      total 55296K, used 55274K [0x00000000f5580000, 0x00000000fa480000, 0x0000000100000000)
  eden space 51200K, 100% used [0x00000000f5580000,0x00000000f8780000,0x00000000f8780000)
  from space 4096K, 99% used [0x00000000fa080000,0x00000000fa47aa08,0x00000000fa480000)
  to   space 10240K, 0% used [0x00000000f9080000,0x00000000f9080000,0x00000000f9a80000)
 ParOldGen       total 59904K, used 7896K [0x00000000e0000000, 0x00000000e3a80000, 0x00000000f5580000)
  object space 59904K, 13% used [0x00000000e0000000,0x00000000e07b6360,0x00000000e3a80000)
 Metaspace       used 27698K, capacity 28208K, committed 28416K, reserved 1073152K
  class space    used 3873K, capacity 4021K, committed 4096K, reserved 1048576K
Event: 11.740 GC heap after
Heap after GC invocations=8 (full 1):
 PSYoungGen      total 70656K, used 6359K [0x00000000f5580000, 0x00000000fb580000, 0x0000000100000000)
  eden space 60416K, 0% used [0x00000000f5580000,0x00000000f5580000,0x00000000f9080000)
  from space 10240K, 62% used [0x00000000f9080000,0x00000000f96b5fe0,0x00000000f9a80000)
  to   space 9728K, 0% used [0x00000000fac00000,0x00000000fac00000,0x00000000fb580000)
 ParOldGen       total 59904K, used 7904K [0x00000000e0000000, 0x00000000e3a80000, 0x00000000f5580000)
  object space 59904K, 13% used [0x00000000e0000000,0x00000000e07b8360,0x00000000e3a80000)
 Metaspace       used 27698K, capacity 28208K, committed 28416K, reserved 1073152K
  class space    used 3873K, capacity 4021K, committed 4096K, reserved 1048576K
}

